<?xml version="1.0" encoding="UTF-8"?>
<!-- Generated by org.testng.reporters.JUnitReportReporter -->
<testsuite hostname="masud" failures="0" tests="1" name="testCases.Login" time="0.870" errors="0" timestamp="2025-02-08T14:05:56 EST" skipped="0">
  <testcase classname="testCases.Login" name="verifylogin" time="0.870"/>
</testsuite> <!-- testCases.Login -->
